<?xml version="1.0" encoding="UTF-8"?>
<!-- Generated by org.testng.reporters.JUnitReportReporter -->
<testsuite hostname="DESKTOP-MR7MTO6" failures="0" tests="1" name="testase_360.GuardPetrollingTest" time="97.502" errors="0" timestamp="2022-05-30T17:10:08 IST" skipped="0">
  <testcase classname="testase_360.GuardPetrollingTest" name="GuardPetrollingCheckpoint" time="97.502"/>
  <system-out/>
</testsuite> <!-- testase_360.GuardPetrollingTest -->
