<?xml version="1.0" encoding="UTF-8"?>
<!-- Generated by org.testng.reporters.JUnitReportReporter -->
<testsuite hostname="DESKTOP-MR7MTO6" failures="0" tests="1" name="testase_360.GuardProfileTest" time="170.042" errors="0" timestamp="2022-05-20T17:34:26 IST" skipped="0">
  <testcase classname="testase_360.GuardProfileTest" name="Property" time="170.042"/>
  <system-out/>
</testsuite> <!-- testase_360.GuardProfileTest -->
