<?xml version="1.0" encoding="UTF-8"?>
<!-- Generated by org.testng.reporters.JUnitReportReporter -->
<testsuite hostname="DESKTOP-MR7MTO6" failures="0" tests="1" name="testase_360.LoginTest" time="27.066" errors="0" timestamp="2022-05-10T13:20:22 IST" skipped="0">
  <testcase classname="testase_360.LoginTest" name="checkLogin" time="27.066"/>
  <system-out/>
</testsuite> <!-- testase_360.LoginTest -->
