<?xml version="1.0" encoding="UTF-8"?>
<!-- Generated by org.testng.reporters.JUnitReportReporter -->
<testsuite hostname="DESKTOP-MR7MTO6" failures="0" tests="1" name="testase_360.ServiceProviderTest" time="85.877" errors="0" timestamp="2022-05-27T17:47:03 IST" skipped="0">
  <testcase classname="testase_360.ServiceProviderTest" name="Property" time="85.877"/>
  <system-out/>
</testsuite> <!-- testase_360.ServiceProviderTest -->
