<?xml version="1.0" encoding="UTF-8"?>
<!-- Generated by org.testng.reporters.JUnitReportReporter -->
<testsuite hostname="DESKTOP-MR7MTO6" failures="0" tests="1" name="testase_360.BlocksWingsTest" time="54.330" errors="0" timestamp="2022-05-13T12:44:36 IST" skipped="0">
  <testcase classname="testase_360.BlocksWingsTest" name="BlockTests" time="54.330"/>
  <system-out/>
</testsuite> <!-- testase_360.BlocksWingsTest -->
