<?xml version="1.0" encoding="UTF-8"?>
<!-- Generated by org.testng.reporters.JUnitReportReporter -->
<testsuite hostname="DESKTOP-MR7MTO6" failures="0" tests="1" name="testase_360.VisitorsLogTest" time="70.558" errors="0" timestamp="2022-06-15T11:09:54 IST" skipped="0">
  <testcase classname="testase_360.VisitorsLogTest" name="Visitors" time="70.558"/>
  <system-out/>
</testsuite> <!-- testase_360.VisitorsLogTest -->
