<?xml version="1.0" encoding="UTF-8"?>
<!-- Generated by org.testng.reporters.JUnitReportReporter -->
<testsuite hostname="DESKTOP-MR7MTO6" failures="0" tests="1" name="testase_360.AddUserTest" time="80.002" errors="0" timestamp="2022-05-12T13:20:28 IST" skipped="0">
  <testcase classname="testase_360.AddUserTest" name="Property" time="80.002"/>
  <system-out/>
</testsuite> <!-- testase_360.AddUserTest -->
