<?xml version="1.0" encoding="UTF-8"?>
<!-- Generated by org.testng.reporters.JUnitReportReporter -->
<testsuite hostname="DESKTOP-MR7MTO6" failures="0" tests="1" name="testase_360.BlocksWingsTest" time="92.067" errors="0" timestamp="2022-05-24T16:16:35 IST" skipped="0">
  <testcase classname="testase_360.BlocksWingsTest" name="BlockTests" time="92.067"/>
  <system-out/>
</testsuite> <!-- testase_360.BlocksWingsTest -->
