<?xml version="1.0" encoding="UTF-8"?>
<!-- Generated by org.testng.reporters.JUnitReportReporter -->
<testsuite hostname="DESKTOP-MR7MTO6" failures="0" tests="1" name="testase_360.PropertyFunctionalityTest" time="93.582" errors="0" timestamp="2022-05-16T10:27:52 IST" skipped="0">
  <testcase classname="testase_360.PropertyFunctionalityTest" name="PropertyFunctionality" time="93.582"/>
  <system-out/>
</testsuite> <!-- testase_360.PropertyFunctionalityTest -->
