<?xml version="1.0" encoding="UTF-8"?>
<!-- Generated by org.testng.reporters.JUnitReportReporter -->
<testsuite hostname="DESKTOP-MR7MTO6" failures="0" tests="1" name="testase_360.GuardPetrollingCheckpointTest" time="68.051" errors="0" timestamp="2022-05-31T10:32:57 IST" skipped="0">
  <testcase classname="testase_360.GuardPetrollingCheckpointTest" name="GuardPetrollingCheckpoint" time="68.051"/>
  <system-out/>
</testsuite> <!-- testase_360.GuardPetrollingCheckpointTest -->
