<?xml version="1.0" encoding="UTF-8"?>
<!-- Generated by org.testng.reporters.JUnitReportReporter -->
<testsuite hostname="DESKTOP-MR7MTO6" failures="0" tests="1" name="testase_360.PropertyTest" time="45.722" errors="0" timestamp="2022-05-12T10:26:48 IST" skipped="0">
  <testcase classname="testase_360.PropertyTest" name="Property" time="45.722"/>
  <system-out/>
</testsuite> <!-- testase_360.PropertyTest -->
