<?xml version="1.0" encoding="UTF-8"?>
<!-- Generated by org.testng.reporters.JUnitReportReporter -->
<testsuite hostname="DESKTOP-MR7MTO6" failures="0" tests="1" name="testase_360.ParkingSpaceTest" time="72.450" errors="0" timestamp="2022-05-20T17:36:31 IST" skipped="0">
  <testcase classname="testase_360.ParkingSpaceTest" name="Property" time="72.450"/>
  <system-out/>
</testsuite> <!-- testase_360.ParkingSpaceTest -->
