<?xml version="1.0" encoding="UTF-8"?>
<!-- Generated by org.testng.reporters.JUnitReportReporter -->
<testsuite hostname="DESKTOP-MR7MTO6" failures="0" tests="4" name="testase_360.RegularVisitorTest" time="233.246" errors="0" timestamp="2022-06-15T18:07:00 IST" skipped="0">
  <testcase classname="testase_360.RegularVisitorTest" name="RegularVisitors" time="40.888"/>
  <system-out/>
  <testcase classname="testase_360.RegularVisitorTest" name="RegularVisitorsSort" time="56.565"/>
  <system-out/>
  <testcase classname="testase_360.RegularVisitorTest" name="RegularVisitorsSearch" time="88.842"/>
  <system-out/>
  <testcase classname="testase_360.RegularVisitorTest" name="RegularVisitorsDetails" time="46.951"/>
  <system-out/>
</testsuite> <!-- testase_360.RegularVisitorTest -->
