<?xml version="1.0" encoding="UTF-8"?>
<!-- Generated by org.testng.reporters.JUnitReportReporter -->
<testsuite hostname="DESKTOP-MR7MTO6" failures="0" tests="1" name="testase_360.PropertyFunctionalityTest" time="99.487" errors="0" timestamp="2022-05-24T16:11:34 IST" skipped="0">
  <testcase classname="testase_360.PropertyFunctionalityTest" name="PropertyFunctionality" time="99.487"/>
  <system-out/>
</testsuite> <!-- testase_360.PropertyFunctionalityTest -->
