<?xml version="1.0" encoding="UTF-8"?>
<!-- Generated by org.testng.reporters.JUnitReportReporter -->
<testsuite hostname="DESKTOP-MR7MTO6" failures="0" tests="1" name="testase_360.GuardLoginTest" time="131.854" errors="0" timestamp="2022-05-24T16:23:29 IST" skipped="0">
  <testcase classname="testase_360.GuardLoginTest" name="Property" time="131.854"/>
  <system-out/>
</testsuite> <!-- testase_360.GuardLoginTest -->
