<?xml version="1.0" encoding="UTF-8"?>
<!-- Generated by org.testng.reporters.JUnitReportReporter -->
<testsuite hostname="DESKTOP-MR7MTO6" failures="0" tests="1" name="testase_360.VehicleSetupTest" time="134.173" errors="0" timestamp="2022-05-16T17:36:26 IST" skipped="0">
  <testcase classname="testase_360.VehicleSetupTest" name="VehicleSetup" time="134.173"/>
  <system-out/>
</testsuite> <!-- testase_360.VehicleSetupTest -->
