<?xml version="1.0" encoding="UTF-8"?>
<!-- Generated by org.testng.reporters.JUnitReportReporter -->
<testsuite hostname="DESKTOP-MR7MTO6" failures="0" tests="1" name="testase_360.LoginTest" time="28.680" errors="0" timestamp="2022-05-12T17:49:58 IST" skipped="0">
  <testcase classname="testase_360.LoginTest" name="checkLogin" time="28.680"/>
  <system-out/>
</testsuite> <!-- testase_360.LoginTest -->
