<?xml version="1.0" encoding="UTF-8"?>
<!-- Generated by org.testng.reporters.JUnitReportReporter -->
<testsuite hostname="DESKTOP-MR7MTO6" failures="0" tests="1" name="testase_360.ParkingSpaceTest" time="77.949" errors="0" timestamp="2022-05-23T10:09:32 IST" skipped="0">
  <testcase classname="testase_360.ParkingSpaceTest" name="Property" time="77.949"/>
  <system-out/>
</testsuite> <!-- testase_360.ParkingSpaceTest -->
