<?xml version="1.0" encoding="UTF-8"?>
<!-- Generated by org.testng.reporters.JUnitReportReporter -->
<testsuite hostname="DESKTOP-MR7MTO6" failures="0" tests="1" name="testcases_360.LoginTest" time="13.259" errors="0" timestamp="2022-05-06T10:46:56 IST" skipped="0">
  <testcase classname="testcases_360.LoginTest" name="checkAutomated" time="13.259"/>
  <system-out/>
</testsuite> <!-- testcases_360.LoginTest -->
