<?xml version="1.0" encoding="UTF-8"?>
<!-- Generated by org.testng.reporters.JUnitReportReporter -->
<testsuite hostname="DESKTOP-MR7MTO6" failures="0" tests="1" name="testase_360.FlatsTest" time="97.536" errors="0" timestamp="2022-05-25T14:08:35 IST" skipped="0">
  <testcase classname="testase_360.FlatsTest" name="Property" time="97.536"/>
  <system-out/>
</testsuite> <!-- testase_360.FlatsTest -->
