<?xml version="1.0" encoding="UTF-8"?>
<!-- Generated by org.testng.reporters.JUnitReportReporter -->
<testsuite hostname="DESKTOP-MR7MTO6" failures="0" tests="1" name="testase_360.PropertyTest" time="38.193" errors="0" timestamp="2022-05-13T12:14:01 IST" skipped="0">
  <testcase classname="testase_360.PropertyTest" name="Property" time="38.193"/>
  <system-out/>
</testsuite> <!-- testase_360.PropertyTest -->
