<?xml version="1.0" encoding="UTF-8"?>
<!-- Generated by org.testng.reporters.JUnitReportReporter -->
<testsuite hostname="DESKTOP-MR7MTO6" failures="0" tests="1" name="testase_360.FlatsTest" time="63.774" errors="0" timestamp="2022-05-25T10:39:39 IST" skipped="0">
  <testcase classname="testase_360.FlatsTest" name="Property" time="63.774"/>
  <system-out/>
</testsuite> <!-- testase_360.FlatsTest -->
